<?xml version="1.0" encoding="UTF-8"?>
<!-- Generated by org.testng.reporters.JUnitReportReporter -->
<testsuite skipped="0" hostname="MTYTM17421YT2" name="SeleniumAcademy.GoogleSearch.BasicSearch" tests="1" failures="0" timestamp="2020-02-10T12:48:17 CST" time="1.055" errors="0">
  <testcase name="fillTextBox" time="1.055" classname="SeleniumAcademy.GoogleSearch.BasicSearch"/>
</testsuite> <!-- SeleniumAcademy.GoogleSearch.BasicSearch -->
