<?xml version="1.0" encoding="UTF-8"?>
<!-- Generated by org.testng.reporters.JUnitReportReporter -->
<testsuite skipped="0" hostname="MTYTM17421YT2" name="SeleniumAcademy.GoogleSearch.BasicSearch" tests="1" failures="0" timestamp="2020-02-10T12:54:17 CST" time="0.463" errors="0">
  <testcase name="fillTextBox" time="0.463" classname="SeleniumAcademy.GoogleSearch.BasicSearch"/>
</testsuite> <!-- SeleniumAcademy.GoogleSearch.BasicSearch -->
